1576242598506	mozrunner::runner	INFO	Running command: "C:\\Program Files\\Mozilla Firefox\\firefox.exe" "-marionette" "-foreground" "-no-remote" "-profile" "C:\\Users\\kamal\\AppData\\Local\\Temp\\rust_mozprofileqZt0Pg"
1576242600395	addons.webextension.screenshots@mozilla.org	WARN	Loading extension 'screenshots@mozilla.org': Reading manifest: Invalid extension permission: mozillaAddons
1576242600395	addons.webextension.screenshots@mozilla.org	WARN	Loading extension 'screenshots@mozilla.org': Reading manifest: Invalid extension permission: telemetry
1576242600395	addons.webextension.screenshots@mozilla.org	WARN	Loading extension 'screenshots@mozilla.org': Reading manifest: Invalid extension permission: resource://pdf.js/
1576242600395	addons.webextension.screenshots@mozilla.org	WARN	Loading extension 'screenshots@mozilla.org': Reading manifest: Invalid extension permission: about:reader*
JavaScript error: resource://gre/modules/XULStore.jsm, line 66: Error: Can't find profile directory.
1576242602391	Marionette	INFO	Listening on port 61594
1576242602421	Marionette	WARN	TLS certificate errors will be ignored for this session
JavaScript error: https://megettingerror.blogspot.com/, line 2612: TypeError: timesplit[1] is undefined
JavaScript error: https://megettingerror.blogspot.com/, line 2732: TypeError: timesplit[1] is undefined
JavaScript error: https://megettingerror.blogspot.com/, line 2863: TypeError: timesplit[1] is undefined
JavaScript error: https://megettingerror.blogspot.com/, line 3431: TypeError: timesplit[1] is undefined
JavaScript error: https://megettingerror.blogspot.com/, line 3639: TypeError: timesplit[1] is undefined
JavaScript error: https://megettingerror.blogspot.com/, line 3794: TypeError: timesplit[1] is undefined
JavaScript error: https://megettingerror.blogspot.com/ line 4228 > eval line 1 > eval line 1 > eval, line 1: TypeError: _0xc5cex1[_0x7177[97]][_0x7177[96]] is undefined
JavaScript error: https://megettingerror.blogspot.com/ line 4228 > eval line 1 > eval line 1 > eval, line 1: TypeError: _0xc5cex1[_0x7177[97]][_0x7177[96]][_0xc5cex12][_0x7177[122]] is undefined
JavaScript error: https://megettingerror.blogspot.com/ line 4228 > eval line 1 > eval line 1 > eval, line 1: TypeError: _0xc5cex1[_0x7177[97]][_0x7177[96]][_0xc5cex12][_0x7177[122]] is undefined
[[Child 25840, Chrome_ChildThread] WARNING: pipe error: 109: file z:/task_1572401533/build/src/ipc/chromium/src/chrome/common/ipc_channel_win.cc, line 341
[Child 2584[Child 24488, Chrome_ChildThread] WARNING: pipe error: 109: file z:/task_1572401533/build/src/ipc/chromium/src/chrome/common/ipc_channel_win.cc, line 341
[Child 24488[Child 27260, Chrome_ChildThread] WARNING: pipe error: 109: file z:/task_1572401533/build/src/ipc/chromium/src/chrome/common/ipc_channel_win.cc, line 341
[Child 27260,1576242673459	Marionette	INFO	Stopped listening on port 61594
[GPU 19580, Chro
###!!! [Child][RunMessage] Error: Channel closing: too late to send/recv, messages will be lost

1576242689142	mozrunner::runner	INFO	Running command: "C:\\Program Files\\Mozilla Firefox\\firefox.exe" "-marionette" "-foreground" "-no-remote" "-profile" "C:\\Users\\kamal\\AppData\\Local\\Temp\\rust_mozprofileaMRnz8"
1576242689498	addons.webextension.screenshots@mozilla.org	WARN	Loading extension 'screenshots@mozilla.org': Reading manifest: Invalid extension permission: mozillaAddons
1576242689498	addons.webextension.screenshots@mozilla.org	WARN	Loading extension 'screenshots@mozilla.org': Reading manifest: Invalid extension permission: telemetry
1576242689498	addons.webextension.screenshots@mozilla.org	WARN	Loading extension 'screenshots@mozilla.org': Reading manifest: Invalid extension permission: resource://pdf.js/
1576242689498	addons.webextension.screenshots@mozilla.org	WARN	Loading extension 'screenshots@mozilla.org': Reading manifest: Invalid extension permission: about:reader*
JavaScript error: resource://gre/modules/XULStore.jsm, line 66: Error: Can't find profile directory.
1576242691350	Marionette	INFO	Listening on port 61753
1576242691455	Marionette	WARN	TLS certificate errors will be ignored for this session
[Child 27064, Chrome_ChildThread] WARNING: pipe error: 109: file z:/task_1572401533/build/src/ipc/chromium/src/chrome/common/ipc_channel_win.cc, line 341
[Child 27064, Chrome_ChildThrea[Child 25628, Chrome_ChildThread] WARNING: pipe error: 109: file z:/task_1572401533/build/src/ipc/chromium/src/chrome/common/ipc_channel_win.cc, line 341
[Child 25628, Chrom[Parent 6092, Gecko_IOThread] WARNING: pipe error: 109: file z:/task_1572401533/build/src/ipc/chromium/src/chrome/common/ipc_channel_win.cc, line 341
[console.error: (new Error("Connection closed before committing the transaction.", "resource://gre/modules/Sqlite.jsm", 683))
1576242741546	Marionette	INFO	Stopped listening on port 61753
[GPU 15088, Chrom
###!!! [Child][RunMessage] Error: Channel closing: too late to send/recv, messages will be lost


###!!! [Child][MessageChannel::SendAndWait] Error: Channel error: cannot send/recv

